2013-08-27T08:07:19.327Z - error: Errore nel tentativo di connessione al database
2013-08-27T08:07:59.375Z - error: Errore nel tentativo di connessione al database
2013-08-27T08:09:45.342Z - error: Errore nel tentativo di connessione al database
2013-08-27T09:08:33.257Z - error: Errore nel tentativo di connessione al database
2013-08-27T09:34:40.879Z - error: Errore nel tentativo di connessione al database
2013-08-27T09:36:15.026Z - error: Errore nel tentativo di connessione al database
2013-08-27T09:36:33.853Z - error: Errore nel tentativo di connessione al database
2013-08-27T09:37:17.239Z - error: Errore nel tentativo di connessione al database
2013-08-27T09:37:46.566Z - error: Errore nel tentativo di connessione al database
2013-08-27T09:38:42.573Z - error: Errore nel tentativo di connessione al database
2013-08-27T09:40:52.089Z - error: Errore nel tentativo di connessione al database
2013-08-27T09:40:53.258Z - error: Errore Generico with code: PROTOCOL_ENQUEUE_AFTER_QUIT
2013-08-27T09:40:53.275Z - error: errore
2013-08-27T09:41:36.177Z - error: Errore nel tentativo di connessione al database
2013-08-27T12:53:58.393Z - error: Errore nel tentativo di connessione al database
2013-08-27T12:55:15.054Z - error: Errore nel tentativo di connessione al database
2013-08-27T12:55:21.417Z - error: Errore Generico with code: PROTOCOL_ENQUEUE_AFTER_QUIT
2013-08-27T12:55:21.419Z - error: errore
2013-08-27T12:55:25.964Z - error: Errore Generico with code: PROTOCOL_ENQUEUE_AFTER_QUIT
2013-08-27T12:55:25.967Z - error: errore
2013-08-27T12:55:31.943Z - error: Errore Generico with code: PROTOCOL_ENQUEUE_AFTER_QUIT
2013-08-27T12:55:31.945Z - error: errore
2013-08-27T12:55:36.714Z - error: Errore Generico with code: PROTOCOL_ENQUEUE_AFTER_QUIT
2013-08-27T12:55:36.716Z - error: errore
2013-08-27T12:55:46.274Z - error: Errore Generico with code: PROTOCOL_ENQUEUE_AFTER_QUIT
2013-08-27T12:55:46.277Z - error: errore
2013-08-27T12:56:08.791Z - error: Errore nel tentativo di connessione al database
2013-08-27T12:56:10.481Z - error: Errore Generico with code: PROTOCOL_ENQUEUE_AFTER_QUIT
2013-08-27T12:56:10.486Z - error: errore
2013-08-27T12:56:11.758Z - error: Errore Generico with code: PROTOCOL_ENQUEUE_AFTER_QUIT
2013-08-27T12:56:11.760Z - error: errore
2013-08-27T12:56:12.638Z - error: Errore Generico with code: PROTOCOL_ENQUEUE_AFTER_QUIT
2013-08-27T12:56:12.643Z - error: errore
2013-08-27T12:56:13.419Z - error: Errore Generico with code: PROTOCOL_ENQUEUE_AFTER_QUIT
2013-08-27T12:56:13.421Z - error: errore
2013-08-27T12:56:14.214Z - error: Errore Generico with code: PROTOCOL_ENQUEUE_AFTER_QUIT
2013-08-27T12:56:14.217Z - error: errore
2013-08-27T12:56:14.909Z - error: Errore Generico with code: PROTOCOL_ENQUEUE_AFTER_QUIT
2013-08-27T12:56:14.911Z - error: errore
2013-08-27T12:58:23.787Z - error: Errore nel tentativo di connessione al database
2013-08-27T12:58:25.036Z - error: Errore Generico with code: PROTOCOL_ENQUEUE_AFTER_QUIT
2013-08-27T12:58:25.049Z - error: errore
2013-08-27T12:58:57.490Z - error: Errore nel tentativo di connessione al database
2013-08-27T12:58:58.314Z - error: Errore Generico with code: PROTOCOL_ENQUEUE_AFTER_QUIT
2013-08-27T12:58:58.317Z - error: errore
2013-08-27T12:59:08.491Z - error: Errore nel tentativo di connessione al database
2013-08-27T12:59:09.289Z - error: Errore Generico with code: PROTOCOL_ENQUEUE_AFTER_QUIT
2013-08-27T12:59:09.298Z - error: errore
2013-08-27T12:59:34.432Z - error: Errore nel tentativo di connessione al database
2013-08-27T12:59:35.480Z - error: Errore Generico with code: PROTOCOL_ENQUEUE_AFTER_QUIT
2013-08-27T12:59:35.489Z - error: errore
2013-08-27T12:59:36.271Z - error: Errore Generico with code: PROTOCOL_ENQUEUE_AFTER_QUIT
2013-08-27T12:59:36.277Z - error: errore
2013-08-27T13:00:24.264Z - error: Errore nel tentativo di connessione al database
2013-08-27T13:00:25.811Z - error: Errore Generico with code: PROTOCOL_ENQUEUE_AFTER_QUIT
2013-08-27T13:00:25.813Z - error: errore
2013-08-27T13:02:03.265Z - error: Errore nel tentativo di connessione al database
2013-08-27T13:02:06.396Z - error: Errore Generico with code: PROTOCOL_ENQUEUE_AFTER_QUIT
2013-08-27T13:02:06.498Z - error: errore
2013-08-27T13:02:16.724Z - error: Errore nel tentativo di connessione al database
2013-08-27T13:02:18.838Z - error: Errore Generico with code: PROTOCOL_ENQUEUE_AFTER_QUIT
2013-08-27T13:02:18.840Z - error: errore
2013-08-27T13:02:24.646Z - error: Errore Generico with code: PROTOCOL_ENQUEUE_AFTER_QUIT
2013-08-27T13:02:24.649Z - error: errore
2013-08-27T13:02:32.028Z - error: Errore nel tentativo di connessione al database
2013-08-27T13:03:01.485Z - error: Errore nel tentativo di connessione al database
2013-08-27T13:07:59.233Z - error: Errore nel tentativo di connessione al database
2013-08-27T13:08:01.692Z - error: Errore Generico with code: PROTOCOL_ENQUEUE_AFTER_QUIT
2013-08-27T13:08:01.695Z - error: errore
2013-08-27T13:08:03.238Z - error: Errore Generico with code: PROTOCOL_ENQUEUE_AFTER_QUIT
2013-08-27T13:08:03.240Z - error: errore
2013-08-27T13:08:04.226Z - error: Errore Generico with code: PROTOCOL_ENQUEUE_AFTER_QUIT
2013-08-27T13:08:04.235Z - error: errore
2013-08-27T13:08:48.873Z - error: Errore nel tentativo di connessione al database
2013-08-27T13:08:50.072Z - error: Errore Generico with code: PROTOCOL_ENQUEUE_AFTER_DESTROY
2013-08-27T13:08:52.804Z - error: Errore Generico with code: PROTOCOL_ENQUEUE_AFTER_DESTROY
2013-08-27T13:08:53.582Z - error: Errore Generico with code: PROTOCOL_ENQUEUE_AFTER_DESTROY
2013-08-27T13:08:54.207Z - error: Errore Generico with code: PROTOCOL_ENQUEUE_AFTER_DESTROY
2013-08-27T13:08:55.098Z - error: Errore Generico with code: PROTOCOL_ENQUEUE_AFTER_DESTROY
2013-08-27T13:08:55.818Z - error: Errore Generico with code: PROTOCOL_ENQUEUE_AFTER_DESTROY
2013-08-27T13:08:56.470Z - error: Errore Generico with code: PROTOCOL_ENQUEUE_AFTER_DESTROY
2013-08-27T13:08:57.119Z - error: Errore Generico with code: PROTOCOL_ENQUEUE_AFTER_DESTROY
2013-08-27T13:08:57.830Z - error: Errore Generico with code: PROTOCOL_ENQUEUE_AFTER_DESTROY
2013-08-27T13:12:53.743Z - error: Errore Generico with code: undefined
2013-08-27T13:13:17.209Z - error: Errore Generico with code: undefined
2013-08-27T13:15:24.229Z - error: no connection code=ECONNREFUSED, errno=ECONNREFUSED, syscall=connect, fatal=true
2013-08-27T13:38:59.756Z - error: no connection code=ECONNREFUSED, errno=ECONNREFUSED, syscall=connect, fatal=true
2013-08-27T13:39:54.332Z - error: Errore nel tentativo di connessione al database
2013-08-27T13:39:55.909Z - error: Errore Generico with code: PROTOCOL_ENQUEUE_AFTER_QUIT
2013-08-27T13:39:57.564Z - error: Errore Generico with code: PROTOCOL_ENQUEUE_AFTER_QUIT
2013-08-27T13:40:54.005Z - error: Errore nel tentativo di connessione al database
2013-08-27T13:42:09.667Z - error: Errore nel tentativo di connessione al database
2013-08-27T13:42:25.861Z - error: Errore nel tentativo di connessione al database
2013-08-27T13:42:55.410Z - error: Errore nel tentativo di connessione al database
2013-08-27T13:43:14.153Z - error: Errore nel tentativo di connessione al database
2013-08-27T13:44:03.055Z - error: Errore nel tentativo di connessione al database
2013-08-27T13:44:37.683Z - error: Errore Generico with code: PROTOCOL_ENQUEUE_AFTER_QUIT
2013-08-27T13:45:13.468Z - error: Errore Generico with code: PROTOCOL_ENQUEUE_AFTER_QUIT
2013-08-27T13:45:45.892Z - error: Errore Generico with code: PROTOCOL_ENQUEUE_AFTER_QUIT
2013-08-27T13:45:48.354Z - error: Errore Generico with code: PROTOCOL_ENQUEUE_AFTER_QUIT
2013-08-27T13:45:49.737Z - error: Errore Generico with code: PROTOCOL_ENQUEUE_AFTER_QUIT
2013-08-27T13:46:41.955Z - error: Errore nel tentativo di connessione al database
2013-08-27T13:46:43.365Z - error: Errore nel tentativo di connessione al database
2013-08-27T13:46:44.479Z - error: Errore nel tentativo di connessione al database
2013-08-27T13:46:45.608Z - error: Errore nel tentativo di connessione al database
2013-08-27T13:46:46.715Z - error: Errore nel tentativo di connessione al database
2013-08-27T13:47:18.944Z - error: Errore nel tentativo di connessione al database
2013-08-27T14:58:57.445Z - error: Errore Generico with code: ER_PARSE_ERROR
2013-08-27T14:58:59.284Z - error: Errore Generico with code: ER_PARSE_ERROR
2013-08-27T14:59:29.070Z - error: Errore Generico with code: ER_PARSE_ERROR
2013-08-27T14:59:46.611Z - error: Errore Generico with code: ER_PARSE_ERROR
2013-08-28T10:20:37.251Z - error: Errore nel tentativo di connessione al database
2014-01-21T09:41:50.123Z - error: Errore Generico with code: ER_ACCESS_DENIED_ERROR
2014-01-22T10:59:11.757Z - error: Errore Generico with code: ER_ACCESS_DENIED_ERROR
2014-01-22T11:00:10.727Z - error: Errore Generico with code: ER_ACCESS_DENIED_ERROR
2014-01-22T11:01:23.616Z - error: Errore Generico with code: ER_ACCESS_DENIED_ERROR
2014-01-22T11:02:18.280Z - error: Errore Generico with code: ER_ACCESS_DENIED_ERROR
2014-01-22T11:03:20.874Z - error: Errore Generico with code: ER_ACCESS_DENIED_ERROR
2014-01-22T11:03:41.014Z - error: Errore Generico with code: ER_ACCESS_DENIED_ERROR
2014-01-22T11:06:30.682Z - error: Errore Generico with code: ER_ACCESS_DENIED_ERROR
2014-01-22T11:06:56.799Z - error: Errore Generico with code: ER_ACCESS_DENIED_ERROR
2014-01-22T11:07:26.753Z - error: Errore Generico with code: ER_ACCESS_DENIED_ERROR
2014-01-22T11:07:30.724Z - error: Errore Generico with code: ER_ACCESS_DENIED_ERROR
2014-01-22T11:09:41.864Z - error: Errore Generico with code: ER_ACCESS_DENIED_ERROR
2014-01-22T11:15:59.293Z - error: Errore Generico with code: ER_ACCESS_DENIED_ERROR
2014-01-22T11:36:02.261Z - error: Errore Generico with code: ER_ACCESS_DENIED_ERROR
2014-01-22T14:02:21.083Z - error: Errore Generico with code: ER_ACCESS_DENIED_ERROR
2014-02-03T15:04:25.904Z - error: Errore nel tentativo di connessione al database
2014-02-03T15:04:27.835Z - error: Errore nel tentativo di connessione al database
2014-02-03T15:06:18.067Z - error: Errore nel tentativo di connessione al database
2014-02-04T09:02:22.434Z - error: Errore nel tentativo di connessione al database
2014-02-04T09:26:33.526Z - info: executing query:  call sp_login('CREDL18','VfPWEquGixpTBalaTaFMfWYfFygfFJCL1HQPwNLoo40=');
2014-02-04T09:27:40.142Z - info: executing query:  call sp_login('CREDL18','VfPWEquGixpTBalaTaFMfWYfFygfFJCL1HQPwNLoo40=');
2014-02-04T09:29:51.480Z - info: executing query:  call sp_login('CREDL18','VfPWEquGixpTBalaTaFMfWYfFygfFJCL1HQPwNLoo40=');
2014-02-04T09:31:06.659Z - info: executing query:  call sp_login('CREDL18','VfPWEquGixpTBalaTaFMfWYfFygfFJCL1HQPwNLoo40=');
2014-02-04T09:32:17.068Z - info: executing query:  call sp_login('CREDL18','VfPWEquGixpTBalaTaFMfWYfFygfFJCL1HQPwNLoo40=');
2014-08-24T16:01:50.724Z - info: executing query:  call sp_login('CREDL18','VfPWEquGixpTBalaTaFMfWYfFygfFJCL1HQPwNLoo40=');
2014-08-24T16:02:08.080Z - info: executing query:  call sp_login('CREDL18','VfPWEquGixpTBalaTaFMfWYfFygfFJCL1HQPwNLoo40=');
2014-08-24T16:02:08.906Z - info: executing query:  call sp_login('CREDL18','VfPWEquGixpTBalaTaFMfWYfFygfFJCL1HQPwNLoo40=');
2014-08-24T16:02:09.509Z - info: executing query:  call sp_login('CREDL18','VfPWEquGixpTBalaTaFMfWYfFygfFJCL1HQPwNLoo40=');
2014-08-24T16:02:11.284Z - info: executing query:  call sp_login('CREDL18','VfPWEquGixpTBalaTaFMfWYfFygfFJCL1HQPwNLoo40=');
2014-08-24T16:02:12.075Z - info: executing query:  call sp_login('CREDL18','VfPWEquGixpTBalaTaFMfWYfFygfFJCL1HQPwNLoo40=');
2014-08-24T16:02:48.042Z - info: executing query:  call sp_login('CREDL18','VfPWEquGixpTBalaTaFMfWYfFygfFJCL1HQPwNLoo40=');
2014-08-24T16:02:48.162Z - info: executing query:  call sp_login('CREDL18','VfPWEquGixpTBalaTaFMfWYfFygfFJCL1HQPwNLoo40=');
2014-08-24T16:03:05.577Z - info: executing query:  call sp_login('CREDL18','VfPWEquGixpTBalaTaFMfWYfFygfFJCL1HQPwNLoo40=');
